<?xml version="1.0" encoding="UTF-8"?>
<testsuite name="com.bestbuy.crudtest.GetAllProducts" time="4.085" tests="1" errors="1" skipped="0" failures="0">
  <properties>
[...]
</properties>
  <testcase name="gettallProducts" classname="com.bestbuy.crudtest.GetAllProducts" time="4.085">
    <error type="java.lang.NullPointerException:">java.lang.NullPointerException: null
	at io.restassured.internal.print.ResponsePrinter.print(ResponsePrinter.java:46)
	at io.restassured.internal.ValidatableResponseOptionsImpl.logResponse(ValidatableResponseOptionsImpl.java:423)
	at io.restassured.internal.ValidatableResponseOptionsImpl.logResponse(ValidatableResponseOptionsImpl.java:419)
	at io.restassured.internal.ValidatableResponseOptionsImpl.logResponse(ValidatableResponseOptionsImpl.java:415)
	at io.restassured.internal.ValidatableResponseOptionsImpl.all(ValidatableResponseOptionsImpl.java:371)
	at com.bestbuy.crudtest.GetAllProducts.gettallProducts(GetAllProducts.java:16)
</error>
    <system-out><![CDATA[Request method:	GET
Request URI:	http://localhost:3030/products
Proxy:			<none>
Request params:	<none>
Query params:	<none>
Form params:	<none>
Path params:	<none>
Multiparts:		<none>
Headers:		Accept=*/*
Cookies:		<none>
Body:			<none>
]]></system-out>
    <system-err><![CDATA[11107 [main] ERROR net.serenitybdd.core.Serenity - 
           __  _____ _____ ____ _____   _____ _    ___ _     _____ ____  
  _       / / |_   _| ____/ ___|_   _| |  ___/ \  |_ _| |   | ____|  _ \ 
 (_)_____| |    | | |  _| \___ \ | |   | |_ / _ \  | || |   |  _| | | | |
  _|_____| |    | | | |___ ___) || |   |  _/ ___ \ | || |___| |___| |_| |
 (_)     | |    |_| |_____|____/ |_|   |_|/_/   \_\___|_____|_____|____/ 
          \_\                                                            

TEST FAILED WITH ERROR: This test will delete the categories information and verify the categories is deleted 
---------------------------------------------------------------------
11109 [main] ERROR net.serenitybdd.core.Serenity - TEST FAILED AT STEP Deleting the Categories information with CategoriesId :
11109 [main] ERROR net.serenitybdd.core.Serenity - parameterValue cannot be null
11495 [pool-1-thread-4] INFO net.thucydides.core.reports.json.JSONTestOutcomeReporter - Generating JSON report for This test will delete the categories information and verify the categories is deleted  to file C:\Users\Krishna\IdeaProjects\Bestbuyapi_restassured\BestBuy-serenity-HomeworkWeek-19-Project\target\site\serenity\6666eec55bed1742fc605d1a4f4803f45cde7e5c1780c463e5c9f6b27a2ac3db.json (using temp file C:\Users\Krishna\IdeaProjects\Bestbuyapi_restassured\BestBuy-serenity-HomeworkWeek-19-Project\target\site\serenity\6666eec55bed1742fc605d1a4f4803f45cde7e5c1780c463e5c9f6b27a2ac3db.json73c71f0e-b1f6-47c6-a84f-fe74e324cb26)
11499 [pool-1-thread-3] INFO net.thucydides.core.reports.json.JSONTestOutcomeReporter - Generating JSON report for This test will update the categories information and verify the updated information to file C:\Users\Krishna\IdeaProjects\Bestbuyapi_restassured\BestBuy-serenity-HomeworkWeek-19-Project\target\site\serenity\c27b7ecb4ebb7576509bdb1f4660efd24e5783533144313ae9b4526e12165e12.json (using temp file C:\Users\Krishna\IdeaProjects\Bestbuyapi_restassured\BestBuy-serenity-HomeworkWeek-19-Project\target\site\serenity\c27b7ecb4ebb7576509bdb1f4660efd24e5783533144313ae9b4526e12165e12.json22e6a748-34ae-4697-b94d-48aa6c5fcaf3)
11509 [pool-1-thread-2] INFO net.thucydides.core.reports.json.JSONTestOutcomeReporter - Generating JSON report for This test will get the categories information by ID to file C:\Users\Krishna\IdeaProjects\Bestbuyapi_restassured\BestBuy-serenity-HomeworkWeek-19-Project\target\site\serenity\375d3320bb7d91ca009be95122ebc4a32a09c592e4387c349f59881df036ff9e.json (using temp file C:\Users\Krishna\IdeaProjects\Bestbuyapi_restassured\BestBuy-serenity-HomeworkWeek-19-Project\target\site\serenity\375d3320bb7d91ca009be95122ebc4a32a09c592e4387c349f59881df036ff9e.json210650fb-d2bc-4295-a243-b749638dca05)
11540 [pool-1-thread-1] INFO net.thucydides.core.reports.json.JSONTestOutcomeReporter - Generating JSON report for This test will create a new categories and verify its generated to file C:\Users\Krishna\IdeaProjects\Bestbuyapi_restassured\BestBuy-serenity-HomeworkWeek-19-Project\target\site\serenity\95389e0aaa57d9953a759e7e510e0d11afd91b8b112a1e57c0c0c866460a0a5f.json (using temp file C:\Users\Krishna\IdeaProjects\Bestbuyapi_restassured\BestBuy-serenity-HomeworkWeek-19-Project\target\site\serenity\95389e0aaa57d9953a759e7e510e0d11afd91b8b112a1e57c0c0c866460a0a5f.json3dc27530-c273-458a-9a2a-1eaabc2a4a5e)
12082 [pool-2-thread-2] INFO net.thucydides.core.reports.html.HtmlAcceptanceTestReporter - GENERATING HTML REPORT FOR Categories CRUD test:test002 in 375d3320bb7d91ca009be95122ebc4a32a09c592e4387c349f59881df036ff9e.html in directory target\site\serenity  
12089 [pool-2-thread-1] INFO net.thucydides.core.reports.html.HtmlAcceptanceTestReporter - GENERATING HTML REPORT FOR Categories CRUD test:test001 in 95389e0aaa57d9953a759e7e510e0d11afd91b8b112a1e57c0c0c866460a0a5f.html in directory target\site\serenity  
12090 [pool-2-thread-4] INFO net.thucydides.core.reports.html.HtmlAcceptanceTestReporter - GENERATING HTML REPORT FOR Categories CRUD test:test004 in 6666eec55bed1742fc605d1a4f4803f45cde7e5c1780c463e5c9f6b27a2ac3db.html in directory target\site\serenity  
12094 [pool-2-thread-3] INFO net.thucydides.core.reports.html.HtmlAcceptanceTestReporter - GENERATING HTML REPORT FOR Categories CRUD test:test003 in c27b7ecb4ebb7576509bdb1f4660efd24e5783533144313ae9b4526e12165e12.html in directory target\site\serenity  
]]></system-err>
  </testcase>
</testsuite>